<?xml version="1.0" encoding="UTF-8"?>
<!-- Generated by org.testng.reporters.JUnitReportReporter -->
<testsuite hostname="SRK" failures="0" tests="1" name="com.rameshsoft.selenium.listeners.TestC" time="0.004" errors="0" timestamp="24 Mar 2020 14:00:21 GMT" skipped="0">
  <testcase classname="com.rameshsoft.selenium.listeners.TestC" name="compose" time="0.004"/>
</testsuite> <!-- com.rameshsoft.selenium.listeners.TestC -->
