<?xml version="1.0" encoding="UTF-8"?>
<!-- Generated by org.testng.reporters.JUnitReportReporter -->
<testsuite hostname="SRK" failures="0" tests="1" name="com.rameshsoft.selenium.TestCases.BingTestCase" time="5.213" errors="0" timestamp="16 May 2020 06:02:01 GMT" skipped="0">
  <testcase classname="com.rameshsoft.selenium.TestCases.BingTestCase" name="bingTestCase" time="5.213"/>
</testsuite> <!-- com.rameshsoft.selenium.TestCases.BingTestCase -->
