<?xml version="1.0" encoding="UTF-8"?>
<!-- Generated by org.testng.reporters.JUnitReportReporter -->
<testsuite hostname="SRK" failures="0" tests="1" name="com.rameshsoft.selenium.datadriven.HalfEbayTest" time="0.000" errors="0" timestamp="02 Aug 2020 11:38:02 GMT" skipped="1">
  <testcase classname="com.rameshsoft.selenium.datadriven.HalfEbayTest" name="regTest" time="0.000">
    <skipped/>
  </testcase> <!-- regTest -->
</testsuite> <!-- com.rameshsoft.selenium.datadriven.HalfEbayTest -->
