<?xml version="1.0" encoding="UTF-8"?>
<!-- Generated by org.testng.reporters.JUnitReportReporter -->
<testsuite hostname="SRK" failures="0" tests="1" name="com.rameshsoft.selenium.listeners.TestB" time="0.008" errors="0" timestamp="24 Mar 2020 14:02:20 GMT" skipped="0">
  <testcase classname="com.rameshsoft.selenium.listeners.TestB" name="logout" time="0.008"/>
</testsuite> <!-- com.rameshsoft.selenium.listeners.TestB -->
